# JRE version: Java(TM) SE Runtime Environment (21.0.3+7) (build 21.0.3+7-LTS-152)
# Java VM: Java HotSpot(TM) 64-Bit Server VM (21.0.3+7-LTS-152, mixed mode, emulated-client, sharing, tiered, compressed oops, compressed class ptrs, g1 gc, windows-amd64)
GC Precious Log:
 CardTable entry size: 512
 Card Set container configuration: InlinePtr #cards 4 size 8 Array Of Cards #cards 16 size 48 Howl #buckets 8 coarsen threshold 3686 Howl Bitmap #cards 512 size 80 coarsen threshold 460 Card regions per heap region 1 cards per card region 4096
 CPUs: 16 total, 16 available
 Memory: 16071M
 Large Page Support: Disabled
 NUMA Support: Disabled
 Compressed Oops: Enabled (Zero based)
 Heap Region Size: 2M
 Heap Min Capacity: 8M
 Heap Initial Capacity: 252M
 Heap Max Capacity: 4018M
 Pre-touch: Disabled
 Parallel Workers: 13
 Concurrent Workers: 3
 Concurrent Refinement Workers: 13
 Periodic GC: Disabled
Heap:
 garbage-first heap   total 102400K, used 79328K [0x00000004d8800000, 0x00000005d3a00000)
  region size 2048K, 28 young (57344K), 0 survivors (0K)
 Metaspace       used 75432K, committed 76288K, reserved 1114112K
  class space    used 10339K, committed 10752K, reserved 1048576K
GC Heap History (20 events):
Event: 3.475 GC heap before
{Heap before GC invocations=12 (full 0):
 garbage-first heap   total 69632K, used 57587K [0x00000004d8800000, 0x00000005d3a00000)
  region size 2048K, 20 young (40960K), 2 survivors (4096K)
 Metaspace       used 41014K, committed 41600K, reserved 1114112K
  class space    used 5581K, committed 5824K, reserved 1048576K
}
Event: 3.479 GC heap after
{Heap after GC invocations=13 (full 0):
 garbage-first heap   total 83968K, used 21535K [0x00000004d8800000, 0x00000005d3a00000)
  region size 2048K, 3 young (6144K), 3 survivors (6144K)
 Metaspace       used 41014K, committed 41600K, reserved 1114112K
  class space    used 5581K, committed 5824K, reserved 1048576K
}
Event: 3.851 GC heap before
{Heap before GC invocations=13 (full 0):
 garbage-first heap   total 83968K, used 60447K [0x00000004d8800000, 0x00000005d3a00000)
  region size 2048K, 23 young (47104K), 3 survivors (6144K)
 Metaspace       used 47742K, committed 48320K, reserved 1114112K
  class space    used 6458K, committed 6720K, reserved 1048576K
}
Event: 3.856 GC heap after
{Heap after GC invocations=14 (full 0):
 garbage-first heap   total 83968K, used 23395K [0x00000004d8800000, 0x00000005d3a00000)
  region size 2048K, 3 young (6144K), 3 survivors (6144K)
 Metaspace       used 47742K, committed 48320K, reserved 1114112K
  class space    used 6458K, committed 6720K, reserved 1048576K
}
Event: 4.135 GC heap before
{Heap before GC invocations=15 (full 0):
 garbage-first heap   total 83968K, used 64355K [0x00000004d8800000, 0x00000005d3a00000)
  region size 2048K, 24 young (49152K), 3 survivors (6144K)
 Metaspace       used 51495K, committed 52032K, reserved 1114112K
  class space    used 6928K, committed 7168K, reserved 1048576K
}
Event: 4.140 GC heap after
{Heap after GC invocations=16 (full 0):
 garbage-first heap   total 83968K, used 24268K [0x00000004d8800000, 0x00000005d3a00000)
  region size 2048K, 2 young (4096K), 2 survivors (4096K)
 Metaspace       used 51495K, committed 52032K, reserved 1114112K
  class space    used 6928K, committed 7168K, reserved 1048576K
}
Event: 4.507 GC heap before
{Heap before GC invocations=16 (full 0):
 garbage-first heap   total 83968K, used 67276K [0x00000004d8800000, 0x00000005d3a00000)
  region size 2048K, 24 young (49152K), 2 survivors (4096K)
 Metaspace       used 56590K, committed 57216K, reserved 1114112K
  class space    used 7802K, committed 8064K, reserved 1048576K
}
Event: 4.513 GC heap after
{Heap after GC invocations=17 (full 0):
 garbage-first heap   total 83968K, used 24749K [0x00000004d8800000, 0x00000005d3a00000)
  region size 2048K, 2 young (4096K), 2 survivors (4096K)
 Metaspace       used 56590K, committed 57216K, reserved 1114112K
  class space    used 7802K, committed 8064K, reserved 1048576K
}
Event: 4.862 GC heap before
{Heap before GC invocations=17 (full 0):
 garbage-first heap   total 83968K, used 69805K [0x00000004d8800000, 0x00000005d3a00000)
  region size 2048K, 24 young (49152K), 2 survivors (4096K)
 Metaspace       used 60882K, committed 61568K, reserved 1114112K
  class space    used 8385K, committed 8704K, reserved 1048576K
}
Event: 4.868 GC heap after
{Heap after GC invocations=18 (full 0):
 garbage-first heap   total 83968K, used 26197K [0x00000004d8800000, 0x00000005d3a00000)
  region size 2048K, 2 young (4096K), 2 survivors (4096K)
 Metaspace       used 60882K, committed 61568K, reserved 1114112K
  class space    used 8385K, committed 8704K, reserved 1048576K
}
Event: 5.228 GC heap before
{Heap before GC invocations=18 (full 0):
 garbage-first heap   total 83968K, used 69205K [0x00000004d8800000, 0x00000005d3a00000)
  region size 2048K, 24 young (49152K), 2 survivors (4096K)
 Metaspace       used 64563K, committed 65280K, reserved 1114112K
  class space    used 8906K, committed 9216K, reserved 1048576K
}
Event: 5.235 GC heap after
{Heap after GC invocations=19 (full 0):
 garbage-first heap   total 102400K, used 28490K [0x00000004d8800000, 0x00000005d3a00000)
  region size 2048K, 3 young (6144K), 3 survivors (6144K)
 Metaspace       used 64563K, committed 65280K, reserved 1114112K
  class space    used 8906K, committed 9216K, reserved 1048576K
}
Event: 205.621 GC heap before
{Heap before GC invocations=19 (full 0):
 garbage-first heap   total 102400K, used 83786K [0x00000004d8800000, 0x00000005d3a00000)
  region size 2048K, 30 young (61440K), 3 survivors (6144K)
 Metaspace       used 68672K, committed 69376K, reserved 1114112K
  class space    used 9487K, committed 9792K, reserved 1048576K
}
Event: 205.633 GC heap after
{Heap after GC invocations=20 (full 0):
 garbage-first heap   total 102400K, used 30560K [0x00000004d8800000, 0x00000005d3a00000)
  region size 2048K, 3 young (6144K), 3 survivors (6144K)
 Metaspace       used 68672K, committed 69376K, reserved 1114112K
  class space    used 9487K, committed 9792K, reserved 1048576K
}
Event: 269.452 GC heap before
{Heap before GC invocations=20 (full 0):
 garbage-first heap   total 102400K, used 83808K [0x00000004d8800000, 0x00000005d3a00000)
  region size 2048K, 30 young (61440K), 3 survivors (6144K)
 Metaspace       used 73864K, committed 74624K, reserved 1114112K
  class space    used 10184K, committed 10560K, reserved 1048576K
}
Event: 269.464 GC heap after
{Heap after GC invocations=21 (full 0):
 garbage-first heap   total 102400K, used 32893K [0x00000004d8800000, 0x00000005d3a00000)
  region size 2048K, 3 young (6144K), 3 survivors (6144K)
 Metaspace       used 73864K, committed 74624K, reserved 1114112K
  class space    used 10184K, committed 10560K, reserved 1048576K
}
Event: 5777.135 GC heap before
{Heap before GC invocations=21 (full 0):
 garbage-first heap   total 102400K, used 86141K [0x00000004d8800000, 0x00000005d3a00000)
  region size 2048K, 30 young (61440K), 3 survivors (6144K)
 Metaspace       used 75427K, committed 76160K, reserved 1114112K
  class space    used 10357K, committed 10688K, reserved 1048576K
}
Event: 5777.157 GC heap after
{Heap after GC invocations=22 (full 0):
 garbage-first heap   total 102400K, used 34865K [0x00000004d8800000, 0x00000005d3a00000)
  region size 2048K, 4 young (8192K), 4 survivors (8192K)
 Metaspace       used 75427K, committed 76160K, reserved 1114112K
  class space    used 10357K, committed 10688K, reserved 1048576K
}
Event: 7630.531 GC heap before
{Heap before GC invocations=22 (full 0):
 garbage-first heap   total 102400K, used 79921K [0x00000004d8800000, 0x00000005d3a00000)
  region size 2048K, 27 young (55296K), 4 survivors (8192K)
 Metaspace       used 75470K, committed 76224K, reserved 1114112K
  class space    used 10380K, committed 10752K, reserved 1048576K
}
Event: 7630.558 GC heap after
{Heap after GC invocations=23 (full 1):
 garbage-first heap   total 102400K, used 26080K [0x00000004d8800000, 0x00000005d3a00000)
  region size 2048K, 0 young (0K), 0 survivors (0K)
 Metaspace       used 75112K, committed 76224K, reserved 1114112K
  class space    used 10289K, committed 10752K, reserved 1048576K
}

